<?xml version="1.0" encoding="UTF-8"?>
<robot generator="Robot 3.0.4 (Python 3.7.0 on linux)" generated="20181128 14:37:35.650">
<suite id="s1" name="Template Test" source="/home/rajatgirotra/study/robotframework/template_test.robot">
<test id="s1-t1" name="Templated Test Case">
<kw name="Start Test" type="setup">
<kw name="Log" library="BuiltIn">
<doc>Logs the given message with the given level.</doc>
<arguments>
<arg>Starting test ${TEST_NAME}</arg>
</arguments>
<msg timestamp="20181128 14:37:35.669" level="INFO">Starting test Templated Test Case</msg>
<status status="PASS" starttime="20181128 14:37:35.669" endtime="20181128 14:37:35.669"></status>
</kw>
<status status="PASS" starttime="20181128 14:37:35.669" endtime="20181128 14:37:35.669"></status>
</kw>
<kw name="Log" library="BuiltIn">
<doc>Logs the given message with the given level.</doc>
<arguments>
<arg>HelloWorld</arg>
<arg>level=WARN</arg>
</arguments>
<msg timestamp="20181128 14:37:35.669" level="WARN">HelloWorld</msg>
<status status="PASS" starttime="20181128 14:37:35.669" endtime="20181128 14:37:35.670"></status>
</kw>
<kw name="Log" library="BuiltIn">
<doc>Logs the given message with the given level.</doc>
<arguments>
<arg>CruelWorld</arg>
<arg>level=INFO</arg>
</arguments>
<msg timestamp="20181128 14:37:35.670" level="INFO">CruelWorld</msg>
<status status="PASS" starttime="20181128 14:37:35.670" endtime="20181128 14:37:35.670"></status>
</kw>
<kw name="Log" library="BuiltIn">
<doc>Logs the given message with the given level.</doc>
<arguments>
<arg>Goodbye</arg>
<arg>level=DEBUG</arg>
</arguments>
<status status="PASS" starttime="20181128 14:37:35.670" endtime="20181128 14:37:35.670"></status>
</kw>
<kw name="Stop Test" type="teardown">
<kw name="Log" library="BuiltIn">
<doc>Logs the given message with the given level.</doc>
<arguments>
<arg>Stopping test ${TEST_NAME}</arg>
</arguments>
<msg timestamp="20181128 14:37:35.671" level="INFO">Stopping test Templated Test Case</msg>
<status status="PASS" starttime="20181128 14:37:35.670" endtime="20181128 14:37:35.671"></status>
</kw>
<status status="PASS" starttime="20181128 14:37:35.670" endtime="20181128 14:37:35.671"></status>
</kw>
<status status="PASS" starttime="20181128 14:37:35.668" endtime="20181128 14:37:35.671" critical="yes"></status>
</test>
<test id="s1-t2" name="Different arguments">
<kw name="Start Test" type="setup">
<kw name="Log" library="BuiltIn">
<doc>Logs the given message with the given level.</doc>
<arguments>
<arg>Starting test ${TEST_NAME}</arg>
</arguments>
<msg timestamp="20181128 14:37:35.672" level="INFO">Starting test Different arguments</msg>
<status status="PASS" starttime="20181128 14:37:35.671" endtime="20181128 14:37:35.672"></status>
</kw>
<status status="PASS" starttime="20181128 14:37:35.671" endtime="20181128 14:37:35.672"></status>
</kw>
<kw name="The result of 1 + 1 should be 2">
<kw name="Evaluate" library="BuiltIn">
<doc>Evaluates the given expression in Python and returns the results.</doc>
<arguments>
<arg>${calculation}</arg>
</arguments>
<assign>
<var>${result}</var>
</assign>
<msg timestamp="20181128 14:37:35.672" level="INFO">${result} = 2</msg>
<status status="PASS" starttime="20181128 14:37:35.672" endtime="20181128 14:37:35.672"></status>
</kw>
<kw name="Should Be Equal As Integers" library="BuiltIn">
<doc>Fails if objects are unequal after converting them to integers.</doc>
<arguments>
<arg>${result}</arg>
<arg>${expected}</arg>
</arguments>
<msg timestamp="20181128 14:37:35.673" level="INFO">Argument types are:
&lt;class 'int'&gt;
&lt;type 'unicode'&gt;</msg>
<status status="PASS" starttime="20181128 14:37:35.672" endtime="20181128 14:37:35.673"></status>
</kw>
<status status="PASS" starttime="20181128 14:37:35.672" endtime="20181128 14:37:35.673"></status>
</kw>
<kw name="The result of 4 - 1 should be 3">
<kw name="Evaluate" library="BuiltIn">
<doc>Evaluates the given expression in Python and returns the results.</doc>
<arguments>
<arg>${calculation}</arg>
</arguments>
<assign>
<var>${result}</var>
</assign>
<msg timestamp="20181128 14:37:35.673" level="INFO">${result} = 3</msg>
<status status="PASS" starttime="20181128 14:37:35.673" endtime="20181128 14:37:35.673"></status>
</kw>
<kw name="Should Be Equal As Integers" library="BuiltIn">
<doc>Fails if objects are unequal after converting them to integers.</doc>
<arguments>
<arg>${result}</arg>
<arg>${expected}</arg>
</arguments>
<msg timestamp="20181128 14:37:35.674" level="INFO">Argument types are:
&lt;class 'int'&gt;
&lt;type 'unicode'&gt;</msg>
<status status="PASS" starttime="20181128 14:37:35.673" endtime="20181128 14:37:35.674"></status>
</kw>
<status status="PASS" starttime="20181128 14:37:35.673" endtime="20181128 14:37:35.674"></status>
</kw>
<kw name="Stop Test" type="teardown">
<kw name="Log" library="BuiltIn">
<doc>Logs the given message with the given level.</doc>
<arguments>
<arg>Stopping test ${TEST_NAME}</arg>
</arguments>
<msg timestamp="20181128 14:37:35.674" level="INFO">Stopping test Different arguments</msg>
<status status="PASS" starttime="20181128 14:37:35.674" endtime="20181128 14:37:35.674"></status>
</kw>
<status status="PASS" starttime="20181128 14:37:35.674" endtime="20181128 14:37:35.674"></status>
</kw>
<status status="PASS" starttime="20181128 14:37:35.671" endtime="20181128 14:37:35.674" critical="yes"></status>
</test>
<test id="s1-t3" name="Only few arguments">
<kw name="Start Test" type="setup">
<kw name="Log" library="BuiltIn">
<doc>Logs the given message with the given level.</doc>
<arguments>
<arg>Starting test ${TEST_NAME}</arg>
</arguments>
<msg timestamp="20181128 14:37:35.675" level="INFO">Starting test Only few arguments</msg>
<status status="PASS" starttime="20181128 14:37:35.675" endtime="20181128 14:37:35.675"></status>
</kw>
<status status="PASS" starttime="20181128 14:37:35.675" endtime="20181128 14:37:35.675"></status>
</kw>
<kw name="The result of 3 * 2 should be 6">
<kw name="Evaluate" library="BuiltIn">
<doc>Evaluates the given expression in Python and returns the results.</doc>
<arguments>
<arg>${calculation}</arg>
</arguments>
<assign>
<var>${result}</var>
</assign>
<msg timestamp="20181128 14:37:35.676" level="INFO">${result} = 6</msg>
<status status="PASS" starttime="20181128 14:37:35.676" endtime="20181128 14:37:35.676"></status>
</kw>
<kw name="Should Be Equal As Integers" library="BuiltIn">
<doc>Fails if objects are unequal after converting them to integers.</doc>
<arguments>
<arg>${result}</arg>
<arg>${expected}</arg>
</arguments>
<msg timestamp="20181128 14:37:35.676" level="INFO">Argument types are:
&lt;class 'int'&gt;
&lt;type 'unicode'&gt;</msg>
<status status="PASS" starttime="20181128 14:37:35.676" endtime="20181128 14:37:35.676"></status>
</kw>
<status status="PASS" starttime="20181128 14:37:35.675" endtime="20181128 14:37:35.676"></status>
</kw>
<kw name="The result of 5 + 1 should be 6">
<kw name="Evaluate" library="BuiltIn">
<doc>Evaluates the given expression in Python and returns the results.</doc>
<arguments>
<arg>${calculation}</arg>
</arguments>
<assign>
<var>${result}</var>
</assign>
<msg timestamp="20181128 14:37:35.677" level="INFO">${result} = 6</msg>
<status status="PASS" starttime="20181128 14:37:35.676" endtime="20181128 14:37:35.677"></status>
</kw>
<kw name="Should Be Equal As Integers" library="BuiltIn">
<doc>Fails if objects are unequal after converting them to integers.</doc>
<arguments>
<arg>${result}</arg>
<arg>${expected}</arg>
</arguments>
<msg timestamp="20181128 14:37:35.677" level="INFO">Argument types are:
&lt;class 'int'&gt;
&lt;type 'unicode'&gt;</msg>
<status status="PASS" starttime="20181128 14:37:35.677" endtime="20181128 14:37:35.677"></status>
</kw>
<status status="PASS" starttime="20181128 14:37:35.676" endtime="20181128 14:37:35.677"></status>
</kw>
<kw name="Stop Test" type="teardown">
<kw name="Log" library="BuiltIn">
<doc>Logs the given message with the given level.</doc>
<arguments>
<arg>Stopping test ${TEST_NAME}</arg>
</arguments>
<msg timestamp="20181128 14:37:35.678" level="INFO">Stopping test Only few arguments</msg>
<status status="PASS" starttime="20181128 14:37:35.677" endtime="20181128 14:37:35.678"></status>
</kw>
<status status="PASS" starttime="20181128 14:37:35.677" endtime="20181128 14:37:35.678"></status>
</kw>
<status status="PASS" starttime="20181128 14:37:35.675" endtime="20181128 14:37:35.678" critical="yes"></status>
</test>
<test id="s1-t4" name="New arguments">
<kw name="Start Test" type="setup">
<kw name="Log" library="BuiltIn">
<doc>Logs the given message with the given level.</doc>
<arguments>
<arg>Starting test ${TEST_NAME}</arg>
</arguments>
<msg timestamp="20181128 14:37:35.679" level="INFO">Starting test New arguments</msg>
<status status="PASS" starttime="20181128 14:37:35.679" endtime="20181128 14:37:35.679"></status>
</kw>
<status status="PASS" starttime="20181128 14:37:35.679" endtime="20181128 14:37:35.679"></status>
</kw>
<kw name="The result of 21 * 2 should be 42">
<kw name="Evaluate" library="BuiltIn">
<doc>Evaluates the given expression in Python and returns the results.</doc>
<arguments>
<arg>${calculation}</arg>
</arguments>
<assign>
<var>${result}</var>
</assign>
<msg timestamp="20181128 14:37:35.680" level="INFO">${result} = 42</msg>
<status status="PASS" starttime="20181128 14:37:35.680" endtime="20181128 14:37:35.680"></status>
</kw>
<kw name="Should Be Equal As Integers" library="BuiltIn">
<doc>Fails if objects are unequal after converting them to integers.</doc>
<arguments>
<arg>${result}</arg>
<arg>${expected}</arg>
</arguments>
<msg timestamp="20181128 14:37:35.681" level="INFO">Argument types are:
&lt;class 'int'&gt;
&lt;type 'unicode'&gt;</msg>
<status status="PASS" starttime="20181128 14:37:35.681" endtime="20181128 14:37:35.681"></status>
</kw>
<status status="PASS" starttime="20181128 14:37:35.680" endtime="20181128 14:37:35.681"></status>
</kw>
<kw name="Stop Test" type="teardown">
<kw name="Log" library="BuiltIn">
<doc>Logs the given message with the given level.</doc>
<arguments>
<arg>Stopping test ${TEST_NAME}</arg>
</arguments>
<msg timestamp="20181128 14:37:35.681" level="INFO">Stopping test New arguments</msg>
<status status="PASS" starttime="20181128 14:37:35.681" endtime="20181128 14:37:35.682"></status>
</kw>
<status status="PASS" starttime="20181128 14:37:35.681" endtime="20181128 14:37:35.682"></status>
</kw>
<status status="PASS" starttime="20181128 14:37:35.678" endtime="20181128 14:37:35.682" critical="yes"></status>
</test>
<status status="PASS" starttime="20181128 14:37:35.651" endtime="20181128 14:37:35.682"></status>
</suite>
<statistics>
<total>
<stat pass="4" fail="0">Critical Tests</stat>
<stat pass="4" fail="0">All Tests</stat>
</total>
<tag>
</tag>
<suite>
<stat pass="4" fail="0" id="s1" name="Template Test">Template Test</stat>
</suite>
</statistics>
<errors>
<msg timestamp="20181128 14:37:35.669" level="WARN">HelloWorld</msg>
</errors>
</robot>
