<?xml version="1.0" encoding="UTF-8"?>
<robot generator="Robot 3.0.4 (Python 3.7.0 on linux)" generated="20181204 12:00:52.517">
<suite id="s1" name="19 Tests" source="/home/rajatgirotra/study/robotframework/19_tests.txt">
<test id="s1-t1" name="LoginTest">
<kw name="Try to login with username and password" library="MyLibKWs">
<tags>
<tag>logintest</tag>
</tags>
<doc>Make a habit to include some documentation.</doc>
<arguments>
<arg>rajatgirotra</arg>
<arg>random_password</arg>
</arguments>
<msg timestamp="20181204 12:00:52.537" level="TRACE">Arguments: [ 'rajatgirotra' | 'random_password' ]</msg>
<msg timestamp="20181204 12:00:52.538" level="TRACE">TRACE Level Log</msg>
<msg timestamp="20181204 12:00:52.538" level="DEBUG">DEBUG Level Log</msg>
<msg timestamp="20181204 12:00:52.538" level="INFO">INFO Level Log</msg>
<msg timestamp="20181204 12:00:52.538" level="WARN">WARN Level Log</msg>
<msg timestamp="20181204 12:00:52.538" level="ERROR">ERROR Level Log</msg>
<msg timestamp="20181204 12:00:52.537" level="TRACE">TRACE Level Log with timestamp</msg>
<msg timestamp="20181204 12:00:52.537" level="DEBUG">DEBUG Level Log with timestamp</msg>
<msg timestamp="20181204 12:00:52.537" level="INFO">INFO Level Log with timestamp</msg>
<msg timestamp="20181204 12:00:52.537" level="WARN">WARN Level Log with timestamp</msg>
<msg timestamp="20181204 12:00:52.537" level="ERROR">ERROR Level Log with timestamp</msg>
<msg timestamp="20181204 12:00:52.538" level="TRACE">Return: None</msg>
<status status="PASS" starttime="20181204 12:00:52.537" endtime="20181204 12:00:52.538"></status>
</kw>
<status status="PASS" starttime="20181204 12:00:52.537" endtime="20181204 12:00:52.538" critical="yes"></status>
</test>
<status status="PASS" starttime="20181204 12:00:52.518" endtime="20181204 12:00:52.538"></status>
</suite>
<statistics>
<total>
<stat pass="1" fail="0">Critical Tests</stat>
<stat pass="1" fail="0">All Tests</stat>
</total>
<tag>
</tag>
<suite>
<stat pass="1" fail="0" id="s1" name="19 Tests">19 Tests</stat>
</suite>
</statistics>
<errors>
<msg timestamp="20181204 12:00:52.538" level="WARN">WARN Level Log</msg>
<msg timestamp="20181204 12:00:52.538" level="ERROR">ERROR Level Log</msg>
<msg timestamp="20181204 12:00:52.537" level="WARN">WARN Level Log with timestamp</msg>
<msg timestamp="20181204 12:00:52.537" level="ERROR">ERROR Level Log with timestamp</msg>
</errors>
</robot>
